Error in row 1: unexpected status code: 400
Endpoint: https://moneydd-dev.thinkerfint.com/form/api/v1/add_field
Payload: {
    "field_name": "_credit.br.absoluteProtectionDate",
    "form_name": "br.form",
    "is_mandatory": false,
    "source": "selected"
}
Time Received: 2024-03-27 23:08:34, Duration: 160.184875ms
----------------------------
Error in row 2: unexpected status code: 400
Endpoint: https://moneydd-dev.thinkerfint.com/form/api/v1/add_field
Payload: {
    "field_name": "_credit.br.absoluteProtectionGazetteDate",
    "form_name": "br.form",
    "is_mandatory": false,
    "source": "selected"
}
Time Received: 2024-03-27 23:08:34, Duration: 162.063292ms
----------------------------
Error in row 3: unexpected status code: 400
Endpoint: https://moneydd-dev.thinkerfint.com/form/api/v1/add_field
Payload: {
    "field_name": "_credit.br.bankruptcyCloseDate",
    "form_name": "br.form",
    "is_mandatory": false,
    "source": "selected"
}
Time Received: 2024-03-27 23:08:35, Duration: 145.399875ms
----------------------------
Error in row 4: unexpected status code: 400
Endpoint: https://moneydd-dev.thinkerfint.com/form/api/v1/add_field
Payload: {
    "field_name": "_credit.br.bankruptcyDischargeDate",
    "form_name": "br.form",
    "is_mandatory": false,
    "source": "selected"
}
Time Received: 2024-03-27 23:08:35, Duration: 148.85275ms
----------------------------
Error in row 5: unexpected status code: 400
Endpoint: https://moneydd-dev.thinkerfint.com/form/api/v1/add_field
Payload: {
    "field_name": "_credit.br.bankruptcyDischargeGazetteDate",
    "form_name": "br.form",
    "is_mandatory": false,
    "source": "selected"
}
Time Received: 2024-03-27 23:08:35, Duration: 151.623541ms
----------------------------
Error in row 6: unexpected status code: 400
Endpoint: https://moneydd-dev.thinkerfint.com/form/api/v1/add_field
Payload: {
    "field_name": "_credit.br.bankruptcyProtectionDate",
    "form_name": "br.form",
    "is_mandatory": false,
    "source": "selected"
}
Time Received: 2024-03-27 23:08:35, Duration: 151.639542ms
----------------------------
Error in row 7: unexpected status code: 400
Endpoint: https://moneydd-dev.thinkerfint.com/form/api/v1/add_field
Payload: {
    "field_name": "_credit.br.blackCaseNo",
    "form_name": "br.form",
    "is_mandatory": false,
    "source": "selected"
}
Time Received: 2024-03-27 23:08:35, Duration: 141.490791ms
----------------------------
Error in row 8: unexpected status code: 400
Endpoint: https://moneydd-dev.thinkerfint.com/form/api/v1/add_field
Payload: {
    "field_name": "_credit.br.blackCaseYear",
    "form_name": "br.form",
    "is_mandatory": false,
    "source": "selected"
}
Time Received: 2024-03-27 23:08:35, Duration: 155.925083ms
----------------------------
Error in row 9: unexpected status code: 400
Endpoint: https://moneydd-dev.thinkerfint.com/form/api/v1/add_field
Payload: {
    "field_name": "_credit.br.courtName",
    "form_name": "br.form",
    "is_mandatory": false,
    "source": "selected"
}
Time Received: 2024-03-27 23:08:36, Duration: 144.402667ms
----------------------------
Error in row 10: unexpected status code: 400
Endpoint: https://moneydd-dev.thinkerfint.com/form/api/v1/add_field
Payload: {
    "field_name": "_credit.br.defendantId",
    "form_name": "br.form",
    "is_mandatory": false,
    "source": "selected"
}
Time Received: 2024-03-27 23:08:36, Duration: 158.55425ms
----------------------------
Error in row 11: unexpected status code: 400
Endpoint: https://moneydd-dev.thinkerfint.com/form/api/v1/add_field
Payload: {
    "field_name": "_credit.br.defendantName",
    "form_name": "br.form",
    "is_mandatory": false,
    "source": "selected"
}
Time Received: 2024-03-27 23:08:36, Duration: 151.302875ms
----------------------------
Error in row 12: unexpected status code: 400
Endpoint: https://moneydd-dev.thinkerfint.com/form/api/v1/add_field
Payload: {
    "field_name": "_credit.br.defendantNo",
    "form_name": "br.form",
    "is_mandatory": false,
    "source": "selected"
}
Time Received: 2024-03-27 23:08:36, Duration: 147.996084ms
----------------------------
Error in row 13: unexpected status code: 400
Endpoint: https://moneydd-dev.thinkerfint.com/form/api/v1/add_field
Payload: {
    "field_name": "_credit.br.plaintiffNo1",
    "form_name": "br.form",
    "is_mandatory": false,
    "source": "selected"
}
Time Received: 2024-03-27 23:08:36, Duration: 148.38125ms
----------------------------
Error in row 14: unexpected status code: 400
Endpoint: https://moneydd-dev.thinkerfint.com/form/api/v1/add_field
Payload: {
    "field_name": "_credit.br.presentClaimInBankruptcyDate",
    "form_name": "br.form",
    "is_mandatory": false,
    "source": "selected"
}
Time Received: 2024-03-27 23:08:36, Duration: 155.315083ms
----------------------------
Error in row 15: unexpected status code: 400
Endpoint: https://moneydd-dev.thinkerfint.com/form/api/v1/add_field
Payload: {
    "field_name": "_credit.br.presentClaimInBankruptcyExamDate",
    "form_name": "br.form",
    "is_mandatory": false,
    "source": "selected"
}
Time Received: 2024-03-27 23:08:36, Duration: 148.396292ms
----------------------------
Error in row 16: unexpected status code: 400
Endpoint: https://moneydd-dev.thinkerfint.com/form/api/v1/add_field
Payload: {
    "field_name": "_credit.br.redCaseNo",
    "form_name": "br.form",
    "is_mandatory": false,
    "source": "selected"
}
Time Received: 2024-03-27 23:08:37, Duration: 152.3585ms
----------------------------
Error in row 17: unexpected status code: 400
Endpoint: https://moneydd-dev.thinkerfint.com/form/api/v1/add_field
Payload: {
    "field_name": "_credit.br.redCaseYear",
    "form_name": "br.form",
    "is_mandatory": false,
    "source": "selected"
}
Time Received: 2024-03-27 23:08:37, Duration: 153.753583ms
----------------------------
